<?xml version="1.0" encoding="UTF-8"?>
<!-- Generated by org.testng.reporters.JUnitReportReporter -->
<testsuite hostname="Chetan" failures="0" tests="1" name="PurchaseorderTest.CreatePurchaseOrderWithItemWithoutEnteringQTYTest" time="17.336" errors="0" timestamp="2022-01-20T05:46:19 IST" skipped="0">
  <testcase classname="PurchaseorderTest.CreatePurchaseOrderWithItemWithoutEnteringQTYTest" name="createPurch" time="17.336"/>
  <system-out/>
</testsuite> <!-- PurchaseorderTest.CreatePurchaseOrderWithItemWithoutEnteringQTYTest -->
