<?xml version="1.0" encoding="UTF-8"?>
<!-- Generated by org.testng.reporters.JUnitReportReporter -->
<testsuite hostname="Chetan" failures="0" tests="3" name="practice.CreateOrg" time="0.036" errors="0" timestamp="2022-01-18T12:04:54 IST" skipped="0">
  <testcase classname="practice.CreateOrg" name="org" time="0.014"/>
  <system-out/>
  <testcase classname="practice.CreateOrg" name="contact" time="0.018"/>
  <system-out/>
  <testcase classname="practice.CreateOrg" name="product" time="0.004"/>
  <system-out/>
</testsuite> <!-- practice.CreateOrg -->
