<?xml version="1.0" encoding="UTF-8"?>
<!-- Generated by org.testng.reporters.JUnitReportReporter -->
<testsuite hostname="Chetan" failures="0" tests="1" name="PurchaseorderTest.CreatePurchaseOrderWithItemDeleteTest" time="18.009" errors="0" timestamp="2022-01-18T22:12:43 IST" skipped="0">
  <testcase classname="PurchaseorderTest.CreatePurchaseOrderWithItemDeleteTest" name="createpurchasewithItemDelete" time="18.009"/>
  <system-out/>
</testsuite> <!-- PurchaseorderTest.CreatePurchaseOrderWithItemDeleteTest -->
